  Boss.cpp
  Main.cpp
c:\users\user\desktop\dopper\dopper\main.cpp(36): warning C4244: 'argument': conversion from 'T' to 'T', possible loss of data
          with
          [
              T=unsigned int
          ]
          and
          [
              T=float
          ]
c:\users\user\desktop\dopper\dopper\main.cpp(42): warning C4244: 'argument': conversion from 'time_t' to 'unsigned int', possible loss of data
c:\users\user\desktop\dopper\dopper\main.cpp(269): warning C4244: 'argument': conversion from 'int' to 'float', possible loss of data
c:\users\user\desktop\dopper\dopper\main.cpp(277): warning C4244: 'argument': conversion from 'int' to 'float', possible loss of data
c:\users\user\desktop\dopper\dopper\main.cpp(287): warning C4244: 'argument': conversion from 'int' to 'float', possible loss of data
c:\users\user\desktop\dopper\dopper\main.cpp(300): warning C4244: 'argument': conversion from 'int' to 'float', possible loss of data
c:\users\user\desktop\dopper\dopper\main.cpp(320): warning C4244: 'argument': conversion from 'int' to 'float', possible loss of data
c:\users\user\desktop\dopper\dopper\main.cpp(332): warning C4244: 'argument': conversion from 'int' to 'float', possible loss of data
c:\users\user\desktop\dopper\dopper\main.cpp(344): warning C4244: 'argument': conversion from 'int' to 'float', possible loss of data
c:\users\user\desktop\dopper\dopper\main.cpp(356): warning C4244: 'argument': conversion from 'int' to 'float', possible loss of data
c:\users\user\desktop\dopper\dopper\main.cpp(368): warning C4244: 'argument': conversion from 'int' to 'float', possible loss of data
c:\users\user\desktop\dopper\dopper\main.cpp(396): warning C4244: 'argument': conversion from 'int' to 'float', possible loss of data
c:\users\user\desktop\dopper\dopper\main.cpp(407): warning C4244: 'argument': conversion from 'int' to 'float', possible loss of data
c:\users\user\desktop\dopper\dopper\main.cpp(419): warning C4244: 'argument': conversion from 'int' to 'float', possible loss of data
c:\users\user\desktop\dopper\dopper\main.cpp(432): warning C4244: 'argument': conversion from 'int' to 'float', possible loss of data
c:\users\user\desktop\dopper\dopper\main.cpp(450): warning C4244: 'argument': conversion from 'int' to 'float', possible loss of data
c:\users\user\desktop\dopper\dopper\main.cpp(480): warning C4244: 'argument': conversion from 'int' to 'float', possible loss of data
c:\users\user\desktop\dopper\dopper\main.cpp(490): warning C4244: 'argument': conversion from 'int' to 'float', possible loss of data
c:\users\user\desktop\dopper\dopper\main.cpp(501): warning C4244: 'argument': conversion from 'int' to 'float', possible loss of data
c:\users\user\desktop\dopper\dopper\main.cpp(513): warning C4244: 'argument': conversion from 'int' to 'float', possible loss of data
c:\users\user\desktop\dopper\dopper\main.cpp(853): warning C4244: 'argument': conversion from 'int' to 'float', possible loss of data
c:\users\user\desktop\dopper\dopper\main.cpp(859): warning C4244: 'argument': conversion from 'int' to 'float', possible loss of data
c:\users\user\desktop\dopper\dopper\main.cpp(865): warning C4244: 'argument': conversion from 'int' to 'float', possible loss of data
c:\users\user\desktop\dopper\dopper\main.cpp(871): warning C4244: 'argument': conversion from 'int' to 'float', possible loss of data
c:\users\user\desktop\dopper\dopper\main.cpp(893): warning C4244: 'argument': conversion from 'int' to 'float', possible loss of data
c:\users\user\desktop\dopper\dopper\main.cpp(899): warning C4244: 'argument': conversion from 'int' to 'float', possible loss of data
c:\users\user\desktop\dopper\dopper\main.cpp(905): warning C4244: 'argument': conversion from 'int' to 'float', possible loss of data
c:\users\user\desktop\dopper\dopper\main.cpp(911): warning C4244: 'argument': conversion from 'int' to 'float', possible loss of data
  Generating Code...
  DOPPER.vcxproj -> C:\Users\USER\Desktop\DOPPER\Debug\DOPPER.exe
