c:\users\user\desktop\dopper\dopper\debug\vc141.pdb
c:\users\user\desktop\dopper\dopper\debug\vc141.idb
c:\users\user\desktop\dopper\dopper\debug\player.obj
c:\users\user\desktop\dopper\dopper\debug\assets.obj
c:\users\user\desktop\dopper\dopper\debug\main.obj
c:\users\user\desktop\dopper\dopper\debug\worldobject.obj
c:\users\user\desktop\dopper\dopper\debug\spriteobject.obj
c:\users\user\desktop\dopper\dopper\debug\entity.obj
c:\users\user\desktop\dopper\dopper\debug\projectile.obj
c:\users\user\desktop\dopper\dopper\debug\random.obj
c:\users\user\desktop\dopper\dopper\debug\enemy.obj
c:\users\user\desktop\dopper\dopper\debug\wall.obj
c:\users\user\desktop\dopper\dopper\debug\textdisplay.obj
c:\users\user\desktop\dopper\dopper\debug\pickup.obj
c:\users\user\desktop\dopper\dopper\debug\main.nativecodeanalysis.xml
c:\users\user\desktop\dopper\debug\dopper.exe
c:\users\user\desktop\dopper\debug\dopper.ilk
c:\users\user\desktop\dopper\debug\dopper.pdb
c:\users\user\desktop\dopper\dopper\debug\enemy.new.obj.enc
c:\users\user\desktop\dopper\dopper\debug\main.new.obj.enc
c:\users\user\desktop\dopper\dopper\debug\player.new.obj.enc
c:\users\user\desktop\dopper\dopper\debug\nativecodeanalysis.read.1.tlog
c:\users\user\desktop\dopper\dopper\debug\vc.nativecodeanalysis.all.xml
c:\users\user\desktop\dopper\debug\dopper.exe.lastcodeanalysissucceeded
c:\users\user\desktop\dopper\dopper\debug\dopper.tlog\cl.command.1.tlog
c:\users\user\desktop\dopper\dopper\debug\dopper.tlog\cl.read.1.tlog
c:\users\user\desktop\dopper\dopper\debug\dopper.tlog\cl.write.1.tlog
c:\users\user\desktop\dopper\dopper\debug\dopper.tlog\link.command.1.tlog
c:\users\user\desktop\dopper\dopper\debug\dopper.tlog\link.read.1.tlog
c:\users\user\desktop\dopper\dopper\debug\dopper.tlog\link.write.1.tlog
